[debug] [2020-03-20T22:41:01.070Z] ----------------------------------------------------------------------
[debug] [2020-03-20T22:41:01.072Z] Command:       /usr/local/bin/node /usr/local/bin/firebase deploy --only hosting:parakeet
[debug] [2020-03-20T22:41:01.072Z] CLI Version:   7.14.0
[debug] [2020-03-20T22:41:01.072Z] Platform:      darwin
[debug] [2020-03-20T22:41:01.072Z] Node Version:  v10.16.2
[debug] [2020-03-20T22:41:01.073Z] Time:          Fri Mar 20 2020 18:41:01 GMT-0400 (Eastern Daylight Time)
[debug] [2020-03-20T22:41:01.073Z] ----------------------------------------------------------------------
[debug] [2020-03-20T22:41:01.073Z] 
[debug] [2020-03-20T22:41:01.084Z] > command requires scopes: ["email","openid","https://www.googleapis.com/auth/cloudplatformprojects.readonly","https://www.googleapis.com/auth/firebase","https://www.googleapis.com/auth/cloud-platform"]
[debug] [2020-03-20T22:41:01.085Z] > authorizing via signed-in user
[debug] [2020-03-20T22:41:01.085Z] [iam] checking project zpotizpiez for permissions ["firebase.projects.get","firebasehosting.sites.update"]
[debug] [2020-03-20T22:41:01.086Z] > refreshing access token with scopes: ["email","https://www.googleapis.com/auth/cloud-platform","https://www.googleapis.com/auth/cloudplatformprojects.readonly","https://www.googleapis.com/auth/firebase","openid"]
[debug] [2020-03-20T22:41:01.087Z] >>> HTTP REQUEST POST https://www.googleapis.com/oauth2/v3/token  
 <request body omitted>
[debug] [2020-03-20T22:41:01.281Z] <<< HTTP RESPONSE 200
[debug] [2020-03-20T22:41:01.291Z] >>> HTTP REQUEST POST https://cloudresourcemanager.googleapis.com/v1/projects/zpotizpiez:testIamPermissions  

[debug] [2020-03-20T22:41:01.472Z] <<< HTTP RESPONSE 200
[debug] [2020-03-20T22:41:01.473Z] >>> HTTP REQUEST GET https://firebase.googleapis.com/v1beta1/projects/zpotizpiez  
 
[debug] [2020-03-20T22:41:01.730Z] <<< HTTP RESPONSE 200
[info] 
[info] === Deploying to 'zpotizpiez'...
[info] 
[info] i  deploying hosting
[debug] [2020-03-20T22:41:01.736Z] >>> HTTP REQUEST POST https://firebasehosting.googleapis.com/v1beta1/sites/parakeet/versions  

[debug] [2020-03-20T22:41:02.364Z] <<< HTTP RESPONSE 200
[info] i  hosting[parakeet]: beginning deploy...
[info] i  hosting[parakeet]: found 29 files in build
[debug] [2020-03-20T22:41:03.623Z] [hosting] hash cache [YnVpbGQ] stored for 29 files
[debug] [2020-03-20T22:41:03.624Z] [hosting][hash queue][FINAL]
[debug] [2020-03-20T22:41:03.624Z] >>> HTTP REQUEST POST https://firebasehosting.googleapis.com/v1beta1/sites/parakeet/versions/08ef238fbc4322b1:populateFiles  
 <request body omitted>
[debug] [2020-03-20T22:41:04.135Z] <<< HTTP RESPONSE 200
[debug] [2020-03-20T22:41:04.143Z] [hosting][populate queue][FINAL]
[debug] [2020-03-20T22:41:04.143Z] [hosting] uploads queued: 13
[debug] [2020-03-20T22:41:06.664Z] [hosting][upload queue][FINAL]
[info] ✔  hosting[parakeet]: file upload complete
[debug] [2020-03-20T22:41:06.665Z] [hosting] deploy completed after 4300ms
[debug] [2020-03-20T22:41:06.666Z] [
  {
    "config": {
      "public": "build",
      "site": "parakeet",
      "ignore": [
        "firebase.json",
        "**/.*",
        "**/node_modules/**"
      ],
      "rewrites": [
        {
          "source": "**",
          "destination": "/index.html"
        }
      ]
    },
    "site": "parakeet",
    "version": "sites/parakeet/versions/08ef238fbc4322b1"
  }
]
[info] i  hosting[parakeet]: finalizing version...
[debug] [2020-03-20T22:41:06.667Z] >>> HTTP REQUEST PATCH https://firebasehosting.googleapis.com/v1beta1/sites/parakeet/versions/08ef238fbc4322b1?updateMask=status  

